This is pdfTeX, Version 3.1415926-2.3-1.40.12 (MiKTeX 2.9) (preloaded format=pdflatex 2015.7.28)  19 NOV 2015 18:16
entering extended mode
**contextual*combinatorial*cascading*bandits.tex

("C:\Users\shuaili\Dropbox\Reports_Shuai\ICML2016\contextual combinatorial casc
ading bandits.tex"
LaTeX2e <2011/06/27>
Babel <v3.8m> and hyphenation patterns for loaded.
("C:\Program Files (x86)\CTEX\MiKTeX\tex\latex\base\article.cls"
Document Class: article 2007/10/19 v1.4h Standard LaTeX document class
("C:\Program Files (x86)\CTEX\MiKTeX\tex\latex\base\size10.clo"
File: size10.clo 2007/10/19 v1.4h Standard LaTeX file (size option)
)
\c@part=\count79
\c@section=\count80
\c@subsection=\count81
\c@subsubsection=\count82
\c@paragraph=\count83
\c@subparagraph=\count84
\c@figure=\count85
\c@table=\count86
\abovecaptionskip=\skip41
\belowcaptionskip=\skip42
\bibindent=\dimen102
)
("C:\Program Files (x86)\CTEX\MiKTeX\tex\latex\psnfss\times.sty"
Package: times 2005/04/12 PSNFSS-v9.2a (SPQR) 
)
("C:\Program Files (x86)\CTEX\MiKTeX\tex\latex\graphics\graphicx.sty"
Package: graphicx 1999/02/16 v1.0f Enhanced LaTeX Graphics (DPC,SPQR)

("C:\Program Files (x86)\CTEX\MiKTeX\tex\latex\graphics\keyval.sty"
Package: keyval 1999/03/16 v1.13 key=value parser (DPC)
\KV@toks@=\toks14
)
("C:\Program Files (x86)\CTEX\MiKTeX\tex\latex\graphics\graphics.sty"
Package: graphics 2009/02/05 v1.0o Standard LaTeX Graphics (DPC,SPQR)

("C:\Program Files (x86)\CTEX\MiKTeX\tex\latex\graphics\trig.sty"
Package: trig 1999/03/16 v1.09 sin cos tan (DPC)
)
("C:\Program Files (x86)\CTEX\MiKTeX\tex\latex\00miktex\graphics.cfg"
File: graphics.cfg 2007/01/18 v1.5 graphics configuration of teTeX/TeXLive
)
Package graphics Info: Driver file: pdftex.def on input line 91.

("C:\Program Files (x86)\CTEX\MiKTeX\tex\latex\pdftex-def\pdftex.def"
File: pdftex.def 2011/05/27 v0.06d Graphics/color for pdfTeX

("C:\Program Files (x86)\CTEX\MiKTeX\tex\generic\oberdiek\infwarerr.sty"
Package: infwarerr 2010/04/08 v1.3 Providing info/warning/message (HO)
)
("C:\Program Files (x86)\CTEX\MiKTeX\tex\generic\oberdiek\ltxcmds.sty"
Package: ltxcmds 2011/04/18 v1.20 LaTeX kernel commands for general use (HO)
)
\Gread@gobject=\count87
))
\Gin@req@height=\dimen103
\Gin@req@width=\dimen104
)
("C:\Program Files (x86)\CTEX\MiKTeX\tex\latex\subfigure\subfigure.sty"
Package: subfigure 2002/07/30 v2.1.4 subfigure package
\subfigtopskip=\skip43
\subfigcapskip=\skip44
\subfigcaptopadj=\dimen105
\subfigbottomskip=\skip45
\subfigcapmargin=\dimen106
\subfiglabelskip=\skip46
\c@subfigure=\count88
\c@lofdepth=\count89
\c@subtable=\count90
\c@lotdepth=\count91

****************************************
* Local config file subfigure.cfg used *
****************************************
("C:\Program Files (x86)\CTEX\MiKTeX\tex\latex\subfigure\subfigure.cfg")
\subfig@top=\skip47
\subfig@bottom=\skip48
)
(C:\Users\shuaili\Dropbox\Reports_Shuai\ICML2016\natbib.sty
Package: natbib 2009/07/16 8.31 (PWD, AO)
\bibhang=\skip49
\bibsep=\skip50
LaTeX Info: Redefining \cite on input line 694.
\c@NAT@ctr=\count92
)
(C:\Users\shuaili\Dropbox\Reports_Shuai\ICML2016\algorithm.sty
Package: algorithm 

Document Style `algorithm' - floating environment
("C:\Program Files (x86)\CTEX\MiKTeX\tex\latex\float\float.sty"
Package: float 2001/11/08 v1.3d Float enhancements (AL)
\c@float@type=\count93
\float@exts=\toks15
\float@box=\box26
\@float@everytoks=\toks16
\@floatcapt=\box27
)
("C:\Program Files (x86)\CTEX\MiKTeX\tex\latex\base\ifthen.sty"
Package: ifthen 2001/05/26 v1.1c Standard LaTeX ifthen package (DPC)
)
\@float@every@algorithm=\toks17
\c@algorithm=\count94
)
(C:\Users\shuaili\Dropbox\Reports_Shuai\ICML2016\algorithmic.sty
Package: algorithmic 

Document Style `algorithmic' - environment
("C:\Program Files (x86)\CTEX\MiKTeX\tex\latex\tools\calc.sty"
Package: calc 2007/08/22 v4.3 Infix arithmetic (KKT,FJ)
\calc@Acount=\count95
\calc@Bcount=\count96
\calc@Adimen=\dimen107
\calc@Bdimen=\dimen108
\calc@Askip=\skip51
\calc@Bskip=\skip52
LaTeX Info: Redefining \setlength on input line 76.
LaTeX Info: Redefining \addtolength on input line 77.
\calc@Ccount=\count97
\calc@Cskip=\skip53
)
\c@ALC@line=\count98
\c@ALC@rem=\count99
\ALC@tlm=\skip54
)
("C:\Program Files (x86)\CTEX\MiKTeX\tex\latex\hyperref\hyperref.sty"
Package: hyperref 2012/02/06 v6.82o Hypertext links for LaTeX

("C:\Program Files (x86)\CTEX\MiKTeX\tex\generic\oberdiek\hobsub-hyperref.sty"
Package: hobsub-hyperref 2011/04/23 v1.4 Bundle oberdiek, subset hyperref (HO)

("C:\Program Files (x86)\CTEX\MiKTeX\tex\generic\oberdiek\hobsub-generic.sty"
Package: hobsub-generic 2011/04/23 v1.4 Bundle oberdiek, subset generic (HO)
Package: hobsub 2011/04/23 v1.4 Subsetting bundle oberdiek (HO)
Package hobsub Info: Skipping package `infwarerr' (already loaded).
Package hobsub Info: Skipping package `ltxcmds' (already loaded).
Package: ifluatex 2010/03/01 v1.3 Provides the ifluatex switch (HO)
Package ifluatex Info: LuaTeX not detected.
Package: ifvtex 2010/03/01 v1.5 Switches for detecting VTeX and its modes (HO)
Package ifvtex Info: VTeX not detected.
Package: intcalc 2007/09/27 v1.1 Expandable integer calculations (HO)
Package: ifpdf 2011/01/30 v2.3 Provides the ifpdf switch (HO)
Package ifpdf Info: pdfTeX in PDF mode is detected.
Package: etexcmds 2011/02/16 v1.5 Prefix for e-TeX command names (HO)
Package etexcmds Info: Could not find \expanded.
(etexcmds)             That can mean that you are not using pdfTeX 1.50 or
(etexcmds)             that some package has redefined \expanded.
(etexcmds)             In the latter case, load this package earlier.
Package: kvsetkeys 2011/04/07 v1.13 Key value parser (HO)
Package: kvdefinekeys 2011/04/07 v1.3 Defining keys (HO)
Package: pdftexcmds 2011/04/22 v0.16 Utilities of pdfTeX for LuaTeX (HO)
Package pdftexcmds Info: LuaTeX not detected.
Package pdftexcmds Info: \pdf@primitive is available.
Package pdftexcmds Info: \pdf@ifprimitive is available.
Package pdftexcmds Info: \pdfdraftmode found.
Package: pdfescape 2011/04/04 v1.12 Provides string conversions (HO)
Package: bigintcalc 2011/01/30 v1.2 Expandable big integer calculations (HO)
Package: bitset 2011/01/30 v1.1 Data type bit set (HO)
Package: uniquecounter 2011/01/30 v1.2 Provides unlimited unique counter (HO)
)
Package hobsub Info: Skipping package `hobsub' (already loaded).
Package: letltxmacro 2010/09/02 v1.4 Let assignment for LaTeX macros (HO)
Package: hopatch 2011/01/30 v1.0 Wrapper for package hooks (HO)
Package: xcolor-patch 2011/01/30 xcolor patch
Package: atveryend 2011/04/23 v1.7 Hooks at very end of document (HO)
Package: atbegshi 2011/01/30 v1.15 At begin shipout hook (HO)
Package: refcount 2010/12/01 v3.2 Data extraction from references (HO)
Package: hycolor 2011/01/30 v1.7 Color options of hyperref/bookmark (HO)
) ("C:\Program Files (x86)\CTEX\MiKTeX\tex\generic\ifxetex\ifxetex.sty"
Package: ifxetex 2010/09/12 v0.6 Provides ifxetex conditional
)
("C:\Program Files (x86)\CTEX\MiKTeX\tex\latex\oberdiek\kvoptions.sty"
Package: kvoptions 2010/12/23 v3.10 Keyval support for LaTeX options (HO)
)
\@linkdim=\dimen109
\Hy@linkcounter=\count100
\Hy@pagecounter=\count101

("C:\Program Files (x86)\CTEX\MiKTeX\tex\latex\hyperref\pd1enc.def"
File: pd1enc.def 2012/02/06 v6.82o Hyperref: PDFDocEncoding definition (HO)
)
\Hy@SavedSpaceFactor=\count102

("C:\Program Files (x86)\CTEX\MiKTeX\tex\latex\00miktex\hyperref.cfg"
File: hyperref.cfg 2002/06/06 v1.2 hyperref configuration of TeXLive
)
Package hyperref Info: Hyper figures OFF on input line 4046.
Package hyperref Info: Link nesting OFF on input line 4051.
Package hyperref Info: Hyper index ON on input line 4054.
Package hyperref Info: Plain pages OFF on input line 4061.
Package hyperref Info: Backreferencing OFF on input line 4066.
Package hyperref Info: Implicit mode ON; LaTeX internals redefined.
Package hyperref Info: Bookmarks ON on input line 4284.
\c@Hy@tempcnt=\count103

("C:\Program Files (x86)\CTEX\MiKTeX\tex\latex\ltxmisc\url.sty"
\Urlmuskip=\muskip10
Package: url 2006/04/12  ver 3.3  Verb mode for urls, etc.
)
LaTeX Info: Redefining \url on input line 4637.
\Fld@menulength=\count104
\Field@Width=\dimen110
\Fld@charsize=\dimen111
Package hyperref Info: Hyper figures OFF on input line 5757.
Package hyperref Info: Link nesting OFF on input line 5762.
Package hyperref Info: Hyper index ON on input line 5765.
Package hyperref Info: backreferencing OFF on input line 5772.
Package hyperref Info: Link coloring OFF on input line 5777.
Package hyperref Info: Link coloring with OCG OFF on input line 5782.
Package hyperref Info: PDF/A mode OFF on input line 5787.
LaTeX Info: Redefining \ref on input line 5827.
LaTeX Info: Redefining \pageref on input line 5831.
\Hy@abspage=\count105
\c@Item=\count106
\c@Hfootnote=\count107
)

Package hyperref Message: Driver (autodetected): hpdftex.

("C:\Program Files (x86)\CTEX\MiKTeX\tex\latex\hyperref\hpdftex.def"
File: hpdftex.def 2012/02/06 v6.82o Hyperref driver for pdfTeX
\Fld@listcount=\count108
\c@bookmark@seq@number=\count109

("C:\Program Files (x86)\CTEX\MiKTeX\tex\latex\oberdiek\rerunfilecheck.sty"
Package: rerunfilecheck 2011/04/15 v1.7 Rerun checks for auxiliary files (HO)
Package uniquecounter Info: New unique counter `rerunfilecheck' on input line 2
82.
)
\Hy@SectionHShift=\skip55
)
("C:\Program Files (x86)\CTEX\MiKTeX\tex\latex\amsfonts\amssymb.sty"
Package: amssymb 2009/06/22 v3.00

("C:\Program Files (x86)\CTEX\MiKTeX\tex\latex\amsfonts\amsfonts.sty"
Package: amsfonts 2009/06/22 v3.00 Basic AMSFonts support
\@emptytoks=\toks18
\symAMSa=\mathgroup4
\symAMSb=\mathgroup5
LaTeX Font Info:    Overwriting math alphabet `\mathfrak' in version `bold'
(Font)                  U/euf/m/n --> U/euf/b/n on input line 96.
))
("C:\Program Files (x86)\CTEX\MiKTeX\tex\latex\ams\math\amsmath.sty"
Package: amsmath 2000/07/18 v2.13 AMS math features
\@mathmargin=\skip56

For additional information on amsmath, use the `?' option.
("C:\Program Files (x86)\CTEX\MiKTeX\tex\latex\ams\math\amstext.sty"
Package: amstext 2000/06/29 v2.01

("C:\Program Files (x86)\CTEX\MiKTeX\tex\latex\ams\math\amsgen.sty"
File: amsgen.sty 1999/11/30 v2.0
\@emptytoks=\toks19
\ex@=\dimen112
))
("C:\Program Files (x86)\CTEX\MiKTeX\tex\latex\ams\math\amsbsy.sty"
Package: amsbsy 1999/11/29 v1.2d
\pmbraise@=\dimen113
)
("C:\Program Files (x86)\CTEX\MiKTeX\tex\latex\ams\math\amsopn.sty"
Package: amsopn 1999/12/14 v2.01 operator names
)
\inf@bad=\count110
LaTeX Info: Redefining \frac on input line 211.
\uproot@=\count111
\leftroot@=\count112
LaTeX Info: Redefining \overline on input line 307.
\classnum@=\count113
\DOTSCASE@=\count114
LaTeX Info: Redefining \ldots on input line 379.
LaTeX Info: Redefining \dots on input line 382.
LaTeX Info: Redefining \cdots on input line 467.
\Mathstrutbox@=\box28
\strutbox@=\box29
\big@size=\dimen114
LaTeX Font Info:    Redeclaring font encoding OML on input line 567.
LaTeX Font Info:    Redeclaring font encoding OMS on input line 568.
\macc@depth=\count115
\c@MaxMatrixCols=\count116
\dotsspace@=\muskip11
\c@parentequation=\count117
\dspbrk@lvl=\count118
\tag@help=\toks20
\row@=\count119
\column@=\count120
\maxfields@=\count121
\andhelp@=\toks21
\eqnshift@=\dimen115
\alignsep@=\dimen116
\tagshift@=\dimen117
\tagwidth@=\dimen118
\totwidth@=\dimen119
\lineht@=\dimen120
\@envbody=\toks22
\multlinegap=\skip57
\multlinetaggap=\skip58
\mathdisplay@stack=\toks23
LaTeX Info: Redefining \[ on input line 2666.
LaTeX Info: Redefining \] on input line 2667.
)
("C:\Program Files (x86)\CTEX\MiKTeX\tex\latex\bbm\bbm.sty"
Package: bbm 1999/03/15 V 1.2 provides fonts for set symbols - TH
LaTeX Font Info:    Overwriting math alphabet `\mathbbm' in version `bold'
(Font)                  U/bbm/m/n --> U/bbm/bx/n on input line 33.
LaTeX Font Info:    Overwriting math alphabet `\mathbbmss' in version `bold'
(Font)                  U/bbmss/m/n --> U/bbmss/bx/n on input line 35.
)
("C:\Program Files (x86)\CTEX\MiKTeX\tex\latex\jknappen\mathrsfs.sty"
Package: mathrsfs 1996/01/01 Math RSFS package v1.0 (jk)
\symrsfs=\mathgroup6
)
("C:\Program Files (x86)\CTEX\MiKTeX\tex\generic\xypic\xy.sty"
("C:\Program Files (x86)\CTEX\MiKTeX\tex\generic\xypic\xy.tex" Bootstrap'ing:
catcodes, docmode,
("C:\Program Files (x86)\CTEX\MiKTeX\tex\generic\xypic\xyrecat.tex")
("C:\Program Files (x86)\CTEX\MiKTeX\tex\generic\xypic\xyidioms.tex")

 Xy-pic version 3.8.6 <2011/05/27>
 Copyright (c) 1991-2011 by Kristoffer H. Rose <krisrose@tug.org>
 Xy-pic is free software: see the User's Guide for details.

Loading kernel: messages; fonts; allocations: state,
\X@c=\dimen121
\Y@c=\dimen122
\U@c=\dimen123
\D@c=\dimen124
\L@c=\dimen125
\R@c=\dimen126
\Edge@c=\toks24
\X@p=\dimen127
\Y@p=\dimen128
\U@p=\dimen129
\D@p=\dimen130
\L@p=\dimen131
\R@p=\dimen132
\Edge@p=\toks25
\X@origin=\dimen133
\Y@origin=\dimen134
\X@xbase=\dimen135
\Y@xbase=\dimen136
\X@ybase=\dimen137
\Y@ybase=\dimen138
\X@min=\dimen139
\Y@min=\dimen140
\X@max=\dimen141
\Y@max=\dimen142
\lastobjectbox@=\box30
\zerodotbox@=\box31
\almostz@=\dimen143
 direction,
\d@X=\dimen144
\d@Y=\dimen145
\K@=\count122
\KK@=\count123
\Direction=\count124
\K@dXdY=\dimen146
\K@dYdX=\dimen147
\xyread@=\read1
\xywrite@=\write3
\csp@=\count125
\quotPTK@=\dimen148

utility macros; pictures: \xy, positions,
\swaptoks@@=\toks26
\connectobjectbox@@=\box32
 objects,
\styletoks@=\toks27
 decorations;
kernel objects: directionals, circles, text; options; algorithms: directions,
edges, connections;  Xy-pic loaded)
Package: xy 2011/05/27 Xy-pic version 3.8.6

("C:\Program Files (x86)\CTEX\MiKTeX\tex\generic\xypic\xyall.tex"
 Xy-pic option: All features v.3.8
("C:\Program Files (x86)\CTEX\MiKTeX\tex\generic\xypic\xycurve.tex"
 Xy-pic option: Curve and Spline extension v.3.12 curve,
\crv@cnt@=\count126
\crvpts@=\toks28
\splinebox@=\box33
\splineval@=\dimen149
\splinedepth@=\dimen150
\splinetol@=\dimen151
\splinelength@=\dimen152
 circles,
\L@=\dimen153
 loaded)
("C:\Program Files (x86)\CTEX\MiKTeX\tex\generic\xypic\xyframe.tex"
 Xy-pic option: Frame and Bracket extension v.3.13 loaded)
("C:\Program Files (x86)\CTEX\MiKTeX\tex\generic\xypic\xycmtip.tex"
 Xy-pic option: Computer Modern tip extension v.3.7
("C:\Program Files (x86)\CTEX\MiKTeX\tex\generic\xypic\xytips.tex"
 Xy-pic option: More Tips extension v.3.9 loaded) loaded)
("C:\Program Files (x86)\CTEX\MiKTeX\tex\generic\xypic\xyline.tex"
 Xy-pic option: Line styles extension v.3.10
\xylinethick@=\dimen154
 loaded)
("C:\Program Files (x86)\CTEX\MiKTeX\tex\generic\xypic\xyrotate.tex"
 Xy-pic option: Rotate and Scale extension v.3.8 loaded)
("C:\Program Files (x86)\CTEX\MiKTeX\tex\generic\xypic\xycolor.tex"
 Xy-pic option: Colour extension v.3.11 loaded)
("C:\Program Files (x86)\CTEX\MiKTeX\tex\generic\xypic\xymatrix.tex"
 Xy-pic option: Matrix feature v.3.14
\Row=\count127
\Col=\count128
\queue@=\toks29
\queue@@=\toks30
\qcount@=\count129
\qcount@@=\count130
\matrixsize@=\count131
 loaded)
("C:\Program Files (x86)\CTEX\MiKTeX\tex\generic\xypic\xyarrow.tex"
 Xy-pic option: Arrow and Path feature v.3.9 path, \ar, loaded)
("C:\Program Files (x86)\CTEX\MiKTeX\tex\generic\xypic\xygraph.tex"
 Xy-pic option: Graph feature v.3.11 loaded) loaded)
("C:\Program Files (x86)\CTEX\MiKTeX\tex\generic\xypic\xypdf.tex"
 Xy-pic option: PDF driver v.1.7 Xy-pic pdf driver: `color' extension support
("C:\Program Files (x86)\CTEX\MiKTeX\tex\generic\xypic\xypdf-co.tex" loaded)
Xy-pic pdf driver: `curve' extension support
("C:\Program Files (x86)\CTEX\MiKTeX\tex\generic\xypic\xypdf-cu.tex" loaded)
Xy-pic pdf driver: `frame' extension support
("C:\Program Files (x86)\CTEX\MiKTeX\tex\generic\xypic\xypdf-fr.tex" loaded)
Xy-pic pdf driver: `line' extension support
("C:\Program Files (x86)\CTEX\MiKTeX\tex\generic\xypic\xypdf-li.tex" loaded)
Xy-pic pdf driver: `rotate' extension support
("C:\Program Files (x86)\CTEX\MiKTeX\tex\generic\xypic\xypdf-ro.tex" loaded)
loaded)) ("C:\Program Files (x86)\CTEX\MiKTeX\tex\latex\mh\empheq.sty"
Package: empheq 2007/12/03 v2.12 Emphasizing equations (MH)

("C:\Program Files (x86)\CTEX\MiKTeX\tex\latex\mh\mhsetup.sty"
Package: mhsetup 2010/01/21 v1.2a programming setup (MH)
)
("C:\Program Files (x86)\CTEX\MiKTeX\tex\latex\mh\mathtools.sty"
Package: mathtools 2011/04/06 v1.11 mathematical typesetting tools
\g_MT_multlinerow_int=\count132
\l_MT_multwidth_dim=\dimen155
\origjot=\skip59
\l_MT_shortvdotswithinadjustabove_dim=\dimen156
\l_MT_shortvdotswithinadjustbelow_dim=\dimen157
)
\l_EQ_equationtype_int=\count133
\l_EQ_alignmentmode_int=\count134
\l_EQ_totalwidth_dim=\dimen158
\l_EQ_displaywidth_dim=\dimen159
\l_EQ_temp_linewidth_dim=\dimen160
\EmphEqdelimitershortfall=\dimen161
\EmphEqdelimiterfactor=\count135
\g_EQ_toptag_height_dim=\dimen162
\g_EQ_bottomtag_depth_dim=\dimen163
\g_EQ_toprow_height_dim=\dimen164
\g_EQ_bottomrow_depth_dim=\dimen165
\g_EQ_widesttag_dim=\dimen166
\EQ_mathdisplay_box=\box34
\EQ_tag_box=\box35
\g_EQ_temprow_int=\count136
)
("C:\Program Files (x86)\CTEX\MiKTeX\tex\latex\tools\bm.sty"
Package: bm 2004/02/26 v1.1c Bold Symbol Support (DPC/FMi)
\symboldoperators=\mathgroup7
\symboldletters=\mathgroup8
\symboldsymbols=\mathgroup9
LaTeX Font Info:    Redeclaring math alphabet \mathbf on input line 138.
LaTeX Info: Redefining \bm on input line 204.
)
("C:\Program Files (x86)\CTEX\MiKTeX\tex\latex\multirow\multirow.sty"
\bigstrutjot=\dimen167
)
\c@theorem=\count137

(C:\Users\shuaili\Dropbox\Reports_Shuai\ICML2016\icml2015.sty
Package: icml2015 2015/01/01 v2.0 ICML Conference Style File

(C:\Users\shuaili\Dropbox\Reports_Shuai\ICML2016\fancyhdr.sty
\fancy@headwidth=\skip60
\f@ncyO@elh=\skip61
\f@ncyO@erh=\skip62
\f@ncyO@olh=\skip63
\f@ncyO@orh=\skip64
\f@ncyO@elf=\skip65
\f@ncyO@erf=\skip66
\f@ncyO@olf=\skip67
\f@ncyO@orf=\skip68
)
("C:\Program Files (x86)\CTEX\MiKTeX\tex\latex\graphics\color.sty"
Package: color 2005/11/14 v1.0j Standard LaTeX Color (DPC)

("C:\Program Files (x86)\CTEX\MiKTeX\tex\latex\00miktex\color.cfg"
File: color.cfg 2007/01/18 v1.5 color configuration of teTeX/TeXLive
)
Package color Info: Driver file: pdftex.def on input line 130.
)
("C:\Program Files (x86)\CTEX\MiKTeX\tex\latex\eso-pic\eso-pic.sty"
Package: eso-pic 2010/10/06 v2.0c eso-pic (RN)
)
Package hyperref Info: Option `colorlinks' set `true' on input line 98.
\titrun=\box36
\captionbox=\box37
\captionboxwid=\dimen168
\icmlrulerbox=\box38
\icmlrulercount=\count138
\icmlruleroffset=\dimen169
\cv@lineheight=\dimen170
\cv@boxheight=\dimen171
\cv@tmpbox=\box39
\cv@refno=\count139
\cv@tot=\count140
\cv@tmpc@=\count141
\cv@tmpc=\count142
)
("C:\Users\shuaili\Dropbox\Reports_Shuai\ICML2016\contextual combinatorial casc
ading bandits.aux")
LaTeX Font Info:    Checking defaults for OML/cmm/m/it on input line 90.
LaTeX Font Info:    ... okay on input line 90.
LaTeX Font Info:    Checking defaults for T1/cmr/m/n on input line 90.
LaTeX Font Info:    ... okay on input line 90.
LaTeX Font Info:    Checking defaults for OT1/cmr/m/n on input line 90.
LaTeX Font Info:    ... okay on input line 90.
LaTeX Font Info:    Checking defaults for OMS/cmsy/m/n on input line 90.
LaTeX Font Info:    ... okay on input line 90.
LaTeX Font Info:    Checking defaults for OMX/cmex/m/n on input line 90.
LaTeX Font Info:    ... okay on input line 90.
LaTeX Font Info:    Checking defaults for U/cmr/m/n on input line 90.
LaTeX Font Info:    ... okay on input line 90.
LaTeX Font Info:    Checking defaults for PD1/pdf/m/n on input line 90.
LaTeX Font Info:    ... okay on input line 90.
LaTeX Font Info:    Try loading font information for OT1+ptm on input line 90.

("C:\Program Files (x86)\CTEX\MiKTeX\tex\latex\psnfss\ot1ptm.fd"
File: ot1ptm.fd 2001/06/04 font definitions for OT1/ptm.
)
("C:\Program Files (x86)\CTEX\MiKTeX\tex\context\base\supp-pdf.mkii"
[Loading MPS to PDF converter (version 2006.09.02).]
\scratchcounter=\count143
\scratchdimen=\dimen172
\scratchbox=\box40
\nofMPsegments=\count144
\nofMParguments=\count145
\everyMPshowfont=\toks31
\MPscratchCnt=\count146
\MPscratchDim=\dimen173
\MPnumerator=\count147
\makeMPintoPDFobject=\count148
\everyMPtoPDFconversion=\toks32
)
\AtBeginShipoutBox=\box41
Package hyperref Info: Link coloring ON on input line 90.
 ("C:\Program Files (x86)\CTEX\MiKTeX\tex\latex\hyperref\nameref.sty"
Package: nameref 2010/04/30 v2.40 Cross-referencing by name of section

("C:\Program Files (x86)\CTEX\MiKTeX\tex\generic\oberdiek\gettitlestring.sty"
Package: gettitlestring 2010/12/03 v1.4 Cleanup title references (HO)
)
\c@section@level=\count149
)
LaTeX Info: Redefining \ref on input line 90.
LaTeX Info: Redefining \pageref on input line 90.
LaTeX Info: Redefining \nameref on input line 90.

("C:\Users\shuaili\Dropbox\Reports_Shuai\ICML2016\contextual combinatorial casc
ading bandits.out")
("C:\Users\shuaili\Dropbox\Reports_Shuai\ICML2016\contextual combinatorial casc
ading bandits.out")
\@outlinefile=\write4
LaTeX Font Info:    Try loading font information for U+msa on input line 90.

("C:\Program Files (x86)\CTEX\MiKTeX\tex\latex\amsfonts\umsa.fd"
File: umsa.fd 2009/06/22 v3.00 AMS symbols A
)
LaTeX Font Info:    Try loading font information for U+msb on input line 90.

("C:\Program Files (x86)\CTEX\MiKTeX\tex\latex\amsfonts\umsb.fd"
File: umsb.fd 2009/06/22 v3.00 AMS symbols B
)
LaTeX Font Info:    Try loading font information for U+rsfs on input line 90.

("C:\Program Files (x86)\CTEX\MiKTeX\tex\latex\jknappen\ursfs.fd"
File: ursfs.fd 1998/03/24 rsfs font definition file (jk)
)
Package xypdf Info: Line width: 0.39998pt on input line 90.
LaTeX Font Info:    Font shape `OT1/ptm/bx/n' in size <9> not available
(Font)              Font shape `OT1/ptm/b/n' tried instead on input line 112.
LaTeX Font Info:    Font shape `OT1/ptm/bx/n' in size <14.4> not available
(Font)              Font shape `OT1/ptm/b/n' tried instead on input line 112.

Overfull \hbox (5.1225pt too wide) in paragraph at lines 114--114
 [] 
 []

LaTeX Font Info:    Font shape `OT1/ptm/bx/n' in size <12> not available
(Font)              Font shape `OT1/ptm/b/n' tried instead on input line 114.
LaTeX Font Info:    Font shape `OT1/ptm/bx/n' in size <10> not available
(Font)              Font shape `OT1/ptm/b/n' tried instead on input line 125.

Underfull \hbox (badness 6078) in paragraph at lines 152--154
\OT1/ptm/m/n/10 In the rest of this pa-per, we de-note $\OT1/cmr/m/n/10 [] =$
 []


Overfull \hbox (15.03073pt too wide) in paragraph at lines 172--173
[]
 []

[1{C:/Program Files (x86)/CTEX/UserData/pdftex/config/pdftex.map{Unicode.sfd}{U
GBK.sfd}}



]
Underfull \vbox (badness 10000) has occurred while \output is active []


Underfull \hbox (badness 10000) in paragraph at lines 266--269
\OT1/ptm/m/n/10 For $\OML/cmm/m/it/10 f\OT1/cmr/m/n/10 (\OML/cmm/m/it/10 K; w[]
; :::; w[]; w[]; :::; w[]\OT1/cmr/m/n/10 ) \OMS/cmsy/m/n/10 $
 []


Underfull \hbox (badness 10000) in paragraph at lines 266--269
$\OML/cmm/m/it/10 f\OT1/cmr/m/n/10 (\OML/cmm/m/it/10 K\OT1/cmr/m/n/10 ; \OML/cm
m/m/it/10 w[]; :::; w[]; :::; w[]\OT1/cmr/m/n/10 )$\OT1/ptm/m/n/10 , it is e-qu
iv-a-len-t to prove
 []

[2]
Underfull \hbox (badness 10000) in paragraph at lines 276--277
[]$\OML/cmm/m/it/10 E\OT1/cmr/m/n/10 [[]\OMS/cmsy/m/n/10 jH[]\OT1/cmr/m/n/10 ]
 \OMS/cmsy/m/n/10 $
 []


Package natbib Warning: Citation `langley00' undefined on input line 283.


("C:\Users\shuaili\Dropbox\Reports_Shuai\ICML2016\contextual combinatorial casc
ading bandits.bbl")

Package natbib Warning: There were undefined citations.

Package atveryend Info: Empty hook `BeforeClearDocument' on input line 288.
[3

]
Package atveryend Info: Empty hook `AfterLastShipout' on input line 288.

("C:\Users\shuaili\Dropbox\Reports_Shuai\ICML2016\contextual combinatorial casc
ading bandits.aux")
Package atveryend Info: Executing hook `AtVeryEndDocument' on input line 288.
Package atveryend Info: Executing hook `AtEndAfterFileList' on input line 288.
Package rerunfilecheck Info: File `contextual*combinatorial*cascading*bandits.o
ut' has not changed.
(rerunfilecheck)             Checksum: <no file>.
 ) 
Here is how much of TeX's memory you used:
 10318 strings out of 495354
 143401 string characters out of 3182739
 308301 words of memory out of 3000000
 13265 multiletter control sequences out of 15000+200000
 23402 words of font info for 61 fonts, out of 3000000 for 9000
 14 hyphenation exceptions out of 8191
 31i,17n,45p,3272b,418s stack positions out of 5000i,500n,10000p,200000b,50000s
{C:/Program Files (x86)/CTEX/MiKTeX/fonts/enc/dvips/fontname/8r.enc}<C:/Progr
am Files (x86)/CTEX/MiKTeX/fonts/type1/public/amsfonts/cm/cmbx10.pfb><C:/Progra
m Files (x86)/CTEX/MiKTeX/fonts/type1/public/amsfonts/cm/cmbx5.pfb><C:/Program 
Files (x86)/CTEX/MiKTeX/fonts/type1/public/amsfonts/cm/cmbx7.pfb><C:/Program Fi
les (x86)/CTEX/MiKTeX/fonts/type1/public/amsfonts/cm/cmex10.pfb><C:/Program Fil
es (x86)/CTEX/MiKTeX/fonts/type1/public/amsfonts/cmextra/cmex7.pfb><C:/Program 
Files (x86)/CTEX/MiKTeX/fonts/type1/public/amsfonts/cm/cmmi10.pfb><C:/Program F
iles (x86)/CTEX/MiKTeX/fonts/type1/public/amsfonts/cm/cmmi5.pfb><C:/Program Fil
es (x86)/CTEX/MiKTeX/fonts/type1/public/amsfonts/cm/cmmi7.pfb><C:/Program Files
 (x86)/CTEX/MiKTeX/fonts/type1/public/amsfonts/cm/cmr10.pfb><C:/Program Files (
x86)/CTEX/MiKTeX/fonts/type1/public/amsfonts/cm/cmr5.pfb><C:/Program Files (x86
)/CTEX/MiKTeX/fonts/type1/public/amsfonts/cm/cmr7.pfb><C:/Program Files (x86)/C
TEX/MiKTeX/fonts/type1/public/amsfonts/cm/cmsy10.pfb><C:/Program Files (x86)/CT
EX/MiKTeX/fonts/type1/public/amsfonts/cm/cmsy5.pfb><C:/Program Files (x86)/CTEX
/MiKTeX/fonts/type1/public/amsfonts/cm/cmsy7.pfb><C:/Program Files (x86)/CTEX/M
iKTeX/fonts/type1/public/amsfonts/symbols/msam10.pfb><C:/Program Files (x86)/CT
EX/MiKTeX/fonts/type1/public/amsfonts/symbols/msbm10.pfb><C:/Program Files (x86
)/CTEX/MiKTeX/fonts/type1/urw/times/utmb8a.pfb><C:/Program Files (x86)/CTEX/MiK
TeX/fonts/type1/urw/times/utmr8a.pfb><C:/Program Files (x86)/CTEX/MiKTeX/fonts/
type1/urw/times/utmri8a.pfb>
Output written on "contextual combinatorial cascading bandits.pdf" (3 pages, 21
6367 bytes).
PDF statistics:
 127 PDF objects out of 1000 (max. 8388607)
 25 named destinations out of 1000 (max. 500000)
 1 words of extra memory for PDF output out of 10000 (max. 10000000)

